<?xml version="1.0" encoding="UTF-8"?>
<testng-results skipped="0" failed="0" ignored="0" total="1" passed="1">
  <reporter-output>
  </reporter-output>
  <suite name="Default suite" duration-ms="5484" started-at="2020-07-26T16:39:41Z" finished-at="2020-07-26T16:39:46Z">
    <groups>
    </groups>
    <test name="Default test" duration-ms="5484" started-at="2020-07-26T16:39:41Z" finished-at="2020-07-26T16:39:46Z">
      <class name="com.qa.restassured.StaticJson">
        <test-method status="PASS" signature="addBook()[pri:0, instance:com.qa.restassured.StaticJson@2a5ca609]" name="addBook" duration-ms="5419" started-at="2020-07-26T09:39:41Z" finished-at="2020-07-26T09:39:46Z">
          <reporter-output>
          </reporter-output>
        </test-method> <!-- addBook -->
      </class> <!-- com.qa.restassured.StaticJson -->
    </test> <!-- Default test -->
  </suite> <!-- Default suite -->
</testng-results>
